<?xml version="1.0" encoding="UTF-8"?>
<testng-results ignored="0" total="1" passed="1" failed="0" skipped="0">
  <reporter-output>
  </reporter-output>
  <suite started-at="2023-03-01T12:23:17 BDT" name="Suite" finished-at="2023-03-01T12:23:27 BDT" duration-ms="10016">
    <groups>
    </groups>
    <test started-at="2023-03-01T12:23:17 BDT" name="Test" finished-at="2023-03-01T12:23:27 BDT" duration-ms="10016">
      <class name="test_cases.LoginTest">
        <test-method is-config="true" signature="di()[pri:0, instance:test_cases.LoginTest@3f6f6701]" started-at="2023-03-01T12:22:42 BDT" name="di" finished-at="2023-03-01T12:23:17 BDT" duration-ms="34407" status="PASS">
          <reporter-output>
          </reporter-output>
        </test-method> <!-- di -->
        <test-method signature="login()[pri:0, instance:test_cases.LoginTest@3f6f6701]" started-at="2023-03-01T12:23:17 BDT" name="login" finished-at="2023-03-01T12:23:27 BDT" duration-ms="9979" status="PASS">
          <reporter-output>
          </reporter-output>
        </test-method> <!-- login -->
      </class> <!-- test_cases.LoginTest -->
    </test> <!-- Test -->
  </suite> <!-- Suite -->
</testng-results>
